{
  "stats": {
    "suites": 3,
    "tests": 12,
    "passes": 6,
    "pending": 6,
    "failures": 0,
    "start": "2021-11-06T18:12:42.524Z",
    "end": "2021-11-06T18:18:14.615Z",
    "duration": 45383,
    "testsRegistered": 12,
    "passPercent": 50,
    "pendingPercent": 50,
    "other": 0,
    "hasOther": false,
    "skipped": 0,
    "hasSkipped": false
  },
  "results": [
    {
      "uuid": "5df96a27-394a-4453-8766-06d2cce90d83",
      "title": "",
      "fullFile": "cypress/integration/aulaInatel/globalqa.spec.js",
      "file": "cypress/integration/aulaInatel/globalqa.spec.js",
      "beforeHooks": [],
      "afterHooks": [],
      "tests": [],
      "suites": [
        {
          "uuid": "1e613998-081a-46d7-96f8-0633a3f27366",
          "title": "Cenário de teste: Testar as funcionalidade do site globalsqa.com",
          "fullFile": "",
          "file": "",
          "beforeHooks": [],
          "afterHooks": [],
          "tests": [
            {
              "title": "Cenário de teste: Registrar um usuário com sucesso",
              "fullTitle": "Cenário de teste: Testar as funcionalidade do site globalsqa.com Cenário de teste: Registrar um usuário com sucesso",
              "timedOut": null,
              "duration": 0,
              "state": "pending",
              "speed": null,
              "pass": false,
              "fail": false,
              "pending": true,
              "context": null,
              "code": "",
              "err": {},
              "uuid": "f6affd56-a7f5-4be8-b7b9-b289a7252a3c",
              "parentUUID": "1e613998-081a-46d7-96f8-0633a3f27366",
              "isHook": false,
              "skipped": false
            },
            {
              "title": "Cenário de teste: Registrar um usuário com sucesso",
              "fullTitle": "Cenário de teste: Testar as funcionalidade do site globalsqa.com Cenário de teste: Registrar um usuário com sucesso",
              "timedOut": null,
              "duration": 0,
              "state": "pending",
              "speed": null,
              "pass": false,
              "fail": false,
              "pending": true,
              "context": null,
              "code": "",
              "err": {},
              "uuid": "ac9e4513-5893-4bde-af2c-9dcca3ca1763",
              "parentUUID": "1e613998-081a-46d7-96f8-0633a3f27366",
              "isHook": false,
              "skipped": false
            },
            {
              "title": "Cenário de teste: Login com sucesso",
              "fullTitle": "Cenário de teste: Testar as funcionalidade do site globalsqa.com Cenário de teste: Login com sucesso",
              "timedOut": null,
              "duration": 7909,
              "state": "passed",
              "speed": "medium",
              "pass": true,
              "fail": false,
              "pending": false,
              "context": null,
              "code": "var userInfo = criarUsuario();\ncy.visit('https://globalsqa.com/angularJs-protractor/registration-login-example/#/login');\ncy.get('#username').type(userInfo[0]);\ncy.get('#password').type(userInfo[1]);\ncy.get('.btn-primary').click();\ncy.get('h1.ng-binding').should('contain.text', userInfo[0]);",
              "err": {},
              "uuid": "fa172677-600e-48c4-b533-247930f33db1",
              "parentUUID": "1e613998-081a-46d7-96f8-0633a3f27366",
              "isHook": false,
              "skipped": false
            },
            {
              "title": "Cenário de teste: Remover usuario cadastrado e verificar",
              "fullTitle": "Cenário de teste: Testar as funcionalidade do site globalsqa.com Cenário de teste: Remover usuario cadastrado e verificar",
              "timedOut": null,
              "duration": 7476,
              "state": "passed",
              "speed": "medium",
              "pass": true,
              "fail": false,
              "pending": false,
              "context": null,
              "code": "var userInfo = criarUsuario();\ncy.loginNinjaQa(userInfo[0], userInfo[1]);\ncy.get('.ng-binding > a').click();\ncy.loginNinjaQa(userInfo[0], userInfo[1]);\ncy.get('.ng-binding').should('have.text', 'Username or password is incorrect');",
              "err": {},
              "uuid": "53a59e65-9511-458d-9017-6081a95b023c",
              "parentUUID": "1e613998-081a-46d7-96f8-0633a3f27366",
              "isHook": false,
              "skipped": false
            }
          ],
          "suites": [],
          "passes": [
            "fa172677-600e-48c4-b533-247930f33db1",
            "53a59e65-9511-458d-9017-6081a95b023c"
          ],
          "failures": [],
          "pending": [
            "f6affd56-a7f5-4be8-b7b9-b289a7252a3c",
            "ac9e4513-5893-4bde-af2c-9dcca3ca1763"
          ],
          "skipped": [],
          "duration": 15385,
          "root": false,
          "rootEmpty": false,
          "_timeout": 2000
        }
      ],
      "passes": [],
      "failures": [],
      "pending": [],
      "skipped": [],
      "duration": 0,
      "root": true,
      "rootEmpty": true,
      "_timeout": 2000
    },
    {
      "uuid": "4f5a116f-2648-4d5e-94f0-5bbc905369f0",
      "title": "",
      "fullFile": "cypress/integration/aulaInatel/globalqa.spec.js",
      "file": "cypress/integration/aulaInatel/globalqa.spec.js",
      "beforeHooks": [],
      "afterHooks": [],
      "tests": [],
      "suites": [
        {
          "uuid": "8a32400e-c25b-4e8f-84af-1bdffc0f2c27",
          "title": "Cenário de teste: Testar as funcionalidade do site globalsqa.com",
          "fullFile": "",
          "file": "",
          "beforeHooks": [],
          "afterHooks": [],
          "tests": [
            {
              "title": "Cenário de teste: Registrar um usuário com sucesso",
              "fullTitle": "Cenário de teste: Testar as funcionalidade do site globalsqa.com Cenário de teste: Registrar um usuário com sucesso",
              "timedOut": null,
              "duration": 0,
              "state": "pending",
              "speed": null,
              "pass": false,
              "fail": false,
              "pending": true,
              "context": null,
              "code": "",
              "err": {},
              "uuid": "96706cc8-4665-49aa-b4f9-ae20f798d9fc",
              "parentUUID": "8a32400e-c25b-4e8f-84af-1bdffc0f2c27",
              "isHook": false,
              "skipped": false
            },
            {
              "title": "Cenário de teste: Registrar um usuário com sucesso",
              "fullTitle": "Cenário de teste: Testar as funcionalidade do site globalsqa.com Cenário de teste: Registrar um usuário com sucesso",
              "timedOut": null,
              "duration": 0,
              "state": "pending",
              "speed": null,
              "pass": false,
              "fail": false,
              "pending": true,
              "context": null,
              "code": "",
              "err": {},
              "uuid": "8e579761-4bf8-46e2-b67e-49e8a1a1d974",
              "parentUUID": "8a32400e-c25b-4e8f-84af-1bdffc0f2c27",
              "isHook": false,
              "skipped": false
            },
            {
              "title": "Cenário de teste: Login com sucesso",
              "fullTitle": "Cenário de teste: Testar as funcionalidade do site globalsqa.com Cenário de teste: Login com sucesso",
              "timedOut": null,
              "duration": 7765,
              "state": "passed",
              "speed": "medium",
              "pass": true,
              "fail": false,
              "pending": false,
              "context": null,
              "code": "var userInfo = criarUsuario();\ncy.visit('https://globalsqa.com/angularJs-protractor/registration-login-example/#/login');\ncy.get('#username').type(userInfo[0]);\ncy.get('#password').type(userInfo[1]);\ncy.get('.btn-primary').click();\ncy.get('h1.ng-binding').should('contain.text', userInfo[0]);",
              "err": {},
              "uuid": "90ab2321-5c93-4f07-ab86-aae0d9f509cb",
              "parentUUID": "8a32400e-c25b-4e8f-84af-1bdffc0f2c27",
              "isHook": false,
              "skipped": false
            },
            {
              "title": "Cenário de teste: Remover usuario cadastrado e verificar",
              "fullTitle": "Cenário de teste: Testar as funcionalidade do site globalsqa.com Cenário de teste: Remover usuario cadastrado e verificar",
              "timedOut": null,
              "duration": 7220,
              "state": "passed",
              "speed": "medium",
              "pass": true,
              "fail": false,
              "pending": false,
              "context": null,
              "code": "var userInfo = criarUsuario();\ncy.loginNinjaQa(userInfo[0], userInfo[1]);\ncy.get('.ng-binding > a').click();\ncy.loginNinjaQa(userInfo[0], userInfo[1]);\ncy.get('.ng-binding').should('have.text', 'Username or password is incorrect');",
              "err": {},
              "uuid": "9258d8d8-00c8-442d-92bf-c2dfb1fc989b",
              "parentUUID": "8a32400e-c25b-4e8f-84af-1bdffc0f2c27",
              "isHook": false,
              "skipped": false
            }
          ],
          "suites": [],
          "passes": [
            "90ab2321-5c93-4f07-ab86-aae0d9f509cb",
            "9258d8d8-00c8-442d-92bf-c2dfb1fc989b"
          ],
          "failures": [],
          "pending": [
            "96706cc8-4665-49aa-b4f9-ae20f798d9fc",
            "8e579761-4bf8-46e2-b67e-49e8a1a1d974"
          ],
          "skipped": [],
          "duration": 14985,
          "root": false,
          "rootEmpty": false,
          "_timeout": 2000
        }
      ],
      "passes": [],
      "failures": [],
      "pending": [],
      "skipped": [],
      "duration": 0,
      "root": true,
      "rootEmpty": true,
      "_timeout": 2000
    },
    {
      "uuid": "f0f84058-e67f-46e1-b13f-98e0216e57af",
      "title": "",
      "fullFile": "cypress/integration/aulaInatel/globalqa.spec.js",
      "file": "cypress/integration/aulaInatel/globalqa.spec.js",
      "beforeHooks": [],
      "afterHooks": [],
      "tests": [],
      "suites": [
        {
          "uuid": "2b9b4acd-d8c8-4f6d-a635-e797a88e4b53",
          "title": "Cenário de teste: Testar as funcionalidade do site globalsqa.com",
          "fullFile": "",
          "file": "",
          "beforeHooks": [],
          "afterHooks": [],
          "tests": [
            {
              "title": "Cenário de teste: Registrar um usuário com sucesso",
              "fullTitle": "Cenário de teste: Testar as funcionalidade do site globalsqa.com Cenário de teste: Registrar um usuário com sucesso",
              "timedOut": null,
              "duration": 0,
              "state": "pending",
              "speed": null,
              "pass": false,
              "fail": false,
              "pending": true,
              "context": null,
              "code": "",
              "err": {},
              "uuid": "8e08a62d-fc81-44ab-91c5-855c262dc408",
              "parentUUID": "2b9b4acd-d8c8-4f6d-a635-e797a88e4b53",
              "isHook": false,
              "skipped": false
            },
            {
              "title": "Cenário de teste: Registrar um usuário com sucesso",
              "fullTitle": "Cenário de teste: Testar as funcionalidade do site globalsqa.com Cenário de teste: Registrar um usuário com sucesso",
              "timedOut": null,
              "duration": 0,
              "state": "pending",
              "speed": null,
              "pass": false,
              "fail": false,
              "pending": true,
              "context": null,
              "code": "",
              "err": {},
              "uuid": "3b654881-a8be-4b04-8914-73b1c8b63f7d",
              "parentUUID": "2b9b4acd-d8c8-4f6d-a635-e797a88e4b53",
              "isHook": false,
              "skipped": false
            },
            {
              "title": "Cenário de teste: Login com sucesso",
              "fullTitle": "Cenário de teste: Testar as funcionalidade do site globalsqa.com Cenário de teste: Login com sucesso",
              "timedOut": null,
              "duration": 7564,
              "state": "passed",
              "speed": "medium",
              "pass": true,
              "fail": false,
              "pending": false,
              "context": null,
              "code": "var userInfo = criarUsuario();\ncy.visit('https://globalsqa.com/angularJs-protractor/registration-login-example/#/login');\ncy.get('#username').type(userInfo[0]);\ncy.get('#password').type(userInfo[1]);\ncy.get('.btn-primary').click();\ncy.get('h1.ng-binding').should('contain.text', userInfo[0]);",
              "err": {},
              "uuid": "0fd5667c-c7ed-40ea-a88d-217c8098a177",
              "parentUUID": "2b9b4acd-d8c8-4f6d-a635-e797a88e4b53",
              "isHook": false,
              "skipped": false
            },
            {
              "title": "Cenário de teste: Remover usuario cadastrado e verificar",
              "fullTitle": "Cenário de teste: Testar as funcionalidade do site globalsqa.com Cenário de teste: Remover usuario cadastrado e verificar",
              "timedOut": null,
              "duration": 7449,
              "state": "passed",
              "speed": "medium",
              "pass": true,
              "fail": false,
              "pending": false,
              "context": null,
              "code": "var userInfo = criarUsuario();\ncy.loginNinjaQa(userInfo[0], userInfo[1]);\ncy.get('.ng-binding > a').click();\ncy.loginNinjaQa(userInfo[0], userInfo[1]);\ncy.get('.ng-binding').should('have.text', 'Username or password is incorrect');",
              "err": {},
              "uuid": "6297595d-586b-43e7-aa52-6c9e92fc4e78",
              "parentUUID": "2b9b4acd-d8c8-4f6d-a635-e797a88e4b53",
              "isHook": false,
              "skipped": false
            }
          ],
          "suites": [],
          "passes": [
            "0fd5667c-c7ed-40ea-a88d-217c8098a177",
            "6297595d-586b-43e7-aa52-6c9e92fc4e78"
          ],
          "failures": [],
          "pending": [
            "8e08a62d-fc81-44ab-91c5-855c262dc408",
            "3b654881-a8be-4b04-8914-73b1c8b63f7d"
          ],
          "skipped": [],
          "duration": 15013,
          "root": false,
          "rootEmpty": false,
          "_timeout": 2000
        }
      ],
      "passes": [],
      "failures": [],
      "pending": [],
      "skipped": [],
      "duration": 0,
      "root": true,
      "rootEmpty": true,
      "_timeout": 2000
    }
  ],
  "meta": {
    "mocha": {
      "version": "7.0.1"
    },
    "mochawesome": {
      "options": {
        "quiet": false,
        "reportFilename": "mochawesome",
        "saveHtml": false,
        "saveJson": true,
        "consoleReporter": "spec",
        "useInlineDiffs": false,
        "code": true
      },
      "version": "6.3.1"
    },
    "marge": {
      "options": {
        "reportDir": "cypress/reports",
        "overwrite": false,
        "html": false,
        "json": true
      },
      "version": "5.2.0"
    }
  }
}