{
  "stats": {
    "suites": 1,
    "tests": 2,
    "passes": 2,
    "pending": 2,
    "failures": -2,
    "start": "2021-11-06T18:14:03.887Z",
    "end": "2021-11-06T18:14:21.838Z",
    "duration": 17951,
    "testsRegistered": 4,
    "passPercent": 100,
    "pendingPercent": 50,
    "other": 2,
    "hasOther": true,
    "skipped": 0,
    "hasSkipped": false
  },
  "results": [
    {
      "uuid": "5df96a27-394a-4453-8766-06d2cce90d83",
      "title": "",
      "fullFile": "cypress/integration/aulaInatel/globalqa.spec.js",
      "file": "cypress/integration/aulaInatel/globalqa.spec.js",
      "beforeHooks": [],
      "afterHooks": [],
      "tests": [],
      "suites": [
        {
          "uuid": "1e613998-081a-46d7-96f8-0633a3f27366",
          "title": "Cenário de teste: Testar as funcionalidade do site globalsqa.com",
          "fullFile": "",
          "file": "",
          "beforeHooks": [],
          "afterHooks": [],
          "tests": [
            {
              "title": "Cenário de teste: Registrar um usuário com sucesso",
              "fullTitle": "Cenário de teste: Testar as funcionalidade do site globalsqa.com Cenário de teste: Registrar um usuário com sucesso",
              "timedOut": null,
              "duration": 0,
              "state": "pending",
              "speed": null,
              "pass": false,
              "fail": false,
              "pending": true,
              "context": null,
              "code": "",
              "err": {},
              "uuid": "f6affd56-a7f5-4be8-b7b9-b289a7252a3c",
              "parentUUID": "1e613998-081a-46d7-96f8-0633a3f27366",
              "isHook": false,
              "skipped": false
            },
            {
              "title": "Cenário de teste: Registrar um usuário com sucesso",
              "fullTitle": "Cenário de teste: Testar as funcionalidade do site globalsqa.com Cenário de teste: Registrar um usuário com sucesso",
              "timedOut": null,
              "duration": 0,
              "state": "pending",
              "speed": null,
              "pass": false,
              "fail": false,
              "pending": true,
              "context": null,
              "code": "",
              "err": {},
              "uuid": "ac9e4513-5893-4bde-af2c-9dcca3ca1763",
              "parentUUID": "1e613998-081a-46d7-96f8-0633a3f27366",
              "isHook": false,
              "skipped": false
            },
            {
              "title": "Cenário de teste: Login com sucesso",
              "fullTitle": "Cenário de teste: Testar as funcionalidade do site globalsqa.com Cenário de teste: Login com sucesso",
              "timedOut": null,
              "duration": 7909,
              "state": "passed",
              "speed": "medium",
              "pass": true,
              "fail": false,
              "pending": false,
              "context": null,
              "code": "var userInfo = criarUsuario();\ncy.visit('https://globalsqa.com/angularJs-protractor/registration-login-example/#/login');\ncy.get('#username').type(userInfo[0]);\ncy.get('#password').type(userInfo[1]);\ncy.get('.btn-primary').click();\ncy.get('h1.ng-binding').should('contain.text', userInfo[0]);",
              "err": {},
              "uuid": "fa172677-600e-48c4-b533-247930f33db1",
              "parentUUID": "1e613998-081a-46d7-96f8-0633a3f27366",
              "isHook": false,
              "skipped": false
            },
            {
              "title": "Cenário de teste: Remover usuario cadastrado e verificar",
              "fullTitle": "Cenário de teste: Testar as funcionalidade do site globalsqa.com Cenário de teste: Remover usuario cadastrado e verificar",
              "timedOut": null,
              "duration": 7476,
              "state": "passed",
              "speed": "medium",
              "pass": true,
              "fail": false,
              "pending": false,
              "context": null,
              "code": "var userInfo = criarUsuario();\ncy.loginNinjaQa(userInfo[0], userInfo[1]);\ncy.get('.ng-binding > a').click();\ncy.loginNinjaQa(userInfo[0], userInfo[1]);\ncy.get('.ng-binding').should('have.text', 'Username or password is incorrect');",
              "err": {},
              "uuid": "53a59e65-9511-458d-9017-6081a95b023c",
              "parentUUID": "1e613998-081a-46d7-96f8-0633a3f27366",
              "isHook": false,
              "skipped": false
            }
          ],
          "suites": [],
          "passes": [
            "fa172677-600e-48c4-b533-247930f33db1",
            "53a59e65-9511-458d-9017-6081a95b023c"
          ],
          "failures": [],
          "pending": [
            "f6affd56-a7f5-4be8-b7b9-b289a7252a3c",
            "ac9e4513-5893-4bde-af2c-9dcca3ca1763"
          ],
          "skipped": [],
          "duration": 15385,
          "root": false,
          "rootEmpty": false,
          "_timeout": 2000
        }
      ],
      "passes": [],
      "failures": [],
      "pending": [],
      "skipped": [],
      "duration": 0,
      "root": true,
      "rootEmpty": true,
      "_timeout": 2000
    }
  ],
  "meta": {
    "mocha": {
      "version": "7.0.1"
    },
    "mochawesome": {
      "options": {
        "quiet": false,
        "reportFilename": "mochawesome",
        "saveHtml": false,
        "saveJson": true,
        "consoleReporter": "spec",
        "useInlineDiffs": false,
        "code": true
      },
      "version": "6.3.1"
    },
    "marge": {
      "options": {
        "reportDir": "cypress/reports",
        "overwrite": false,
        "html": false,
        "json": true
      },
      "version": "5.2.0"
    }
  }
}