{
  "stats": {
    "suites": 1,
    "tests": 2,
    "passes": 2,
    "pending": 2,
    "failures": -2,
    "start": "2021-11-06T05:49:56.530Z",
    "end": "2021-11-06T05:50:16.189Z",
    "duration": 19659,
    "testsRegistered": 4,
    "passPercent": 100,
    "pendingPercent": 50,
    "other": 2,
    "hasOther": true,
    "skipped": 0,
    "hasSkipped": false
  },
  "results": [
    {
      "uuid": "48e43c0f-7751-4e88-9580-330fbb44cc72",
      "title": "",
      "fullFile": "cypress/integration/aulaInatel/globalqa.spec.js",
      "file": "cypress/integration/aulaInatel/globalqa.spec.js",
      "beforeHooks": [],
      "afterHooks": [],
      "tests": [],
      "suites": [
        {
          "uuid": "a4a888e4-e21d-4409-a40f-dd0e3ccab53a",
          "title": "Cenário de teste: Testar as funcionalidade do site globalsqa.com",
          "fullFile": "",
          "file": "",
          "beforeHooks": [],
          "afterHooks": [],
          "tests": [
            {
              "title": "Cenário de teste: Registrar um usuário com sucesso",
              "fullTitle": "Cenário de teste: Testar as funcionalidade do site globalsqa.com Cenário de teste: Registrar um usuário com sucesso",
              "timedOut": null,
              "duration": 0,
              "state": "pending",
              "speed": null,
              "pass": false,
              "fail": false,
              "pending": true,
              "context": null,
              "code": "",
              "err": {},
              "uuid": "ea268724-73c5-414d-9d73-0d4a93209bcf",
              "parentUUID": "a4a888e4-e21d-4409-a40f-dd0e3ccab53a",
              "isHook": false,
              "skipped": false
            },
            {
              "title": "Cenário de teste: Registrar um usuário com sucesso",
              "fullTitle": "Cenário de teste: Testar as funcionalidade do site globalsqa.com Cenário de teste: Registrar um usuário com sucesso",
              "timedOut": null,
              "duration": 0,
              "state": "pending",
              "speed": null,
              "pass": false,
              "fail": false,
              "pending": true,
              "context": null,
              "code": "",
              "err": {},
              "uuid": "1dd64d7f-15dc-4d5a-a5cd-ccdfcef61c65",
              "parentUUID": "a4a888e4-e21d-4409-a40f-dd0e3ccab53a",
              "isHook": false,
              "skipped": false
            },
            {
              "title": "Cenário de teste: Login com sucesso",
              "fullTitle": "Cenário de teste: Testar as funcionalidade do site globalsqa.com Cenário de teste: Login com sucesso",
              "timedOut": null,
              "duration": 8568,
              "state": "passed",
              "speed": "medium",
              "pass": true,
              "fail": false,
              "pending": false,
              "context": null,
              "code": "var userInfo = criarUsuario();\ncy.visit('https://globalsqa.com/angularJs-protractor/registration-login-example/#/login');\ncy.get('#username').type(userInfo[0]);\ncy.get('#password').type(userInfo[1]);\ncy.get('.btn-primary').click();\ncy.get('h1.ng-binding').should('contain.text', userInfo[0]);",
              "err": {},
              "uuid": "f860ce4f-7acc-4bda-b76c-1f7179326a5c",
              "parentUUID": "a4a888e4-e21d-4409-a40f-dd0e3ccab53a",
              "isHook": false,
              "skipped": false
            },
            {
              "title": "Cenário de teste: Remover usuario cadastrado e verificar",
              "fullTitle": "Cenário de teste: Testar as funcionalidade do site globalsqa.com Cenário de teste: Remover usuario cadastrado e verificar",
              "timedOut": null,
              "duration": 8454,
              "state": "passed",
              "speed": "medium",
              "pass": true,
              "fail": false,
              "pending": false,
              "context": null,
              "code": "var userInfo = criarUsuario();\ncy.loginNinjaQa(userInfo[0], userInfo[1]);\ncy.get('.ng-binding > a').click();\ncy.loginNinjaQa(userInfo[0], userInfo[1]);\ncy.get('.ng-binding').should('have.text', 'Username or password is incorrect');",
              "err": {},
              "uuid": "0d6b330d-1ff0-4096-940c-3b3fbb887782",
              "parentUUID": "a4a888e4-e21d-4409-a40f-dd0e3ccab53a",
              "isHook": false,
              "skipped": false
            }
          ],
          "suites": [],
          "passes": [
            "f860ce4f-7acc-4bda-b76c-1f7179326a5c",
            "0d6b330d-1ff0-4096-940c-3b3fbb887782"
          ],
          "failures": [],
          "pending": [
            "ea268724-73c5-414d-9d73-0d4a93209bcf",
            "1dd64d7f-15dc-4d5a-a5cd-ccdfcef61c65"
          ],
          "skipped": [],
          "duration": 17022,
          "root": false,
          "rootEmpty": false,
          "_timeout": 2000
        }
      ],
      "passes": [],
      "failures": [],
      "pending": [],
      "skipped": [],
      "duration": 0,
      "root": true,
      "rootEmpty": true,
      "_timeout": 2000
    }
  ],
  "meta": {
    "mocha": {
      "version": "7.0.1"
    },
    "mochawesome": {
      "options": {
        "quiet": false,
        "reportFilename": "mochawesome",
        "saveHtml": false,
        "saveJson": true,
        "consoleReporter": "spec",
        "useInlineDiffs": false,
        "code": true
      },
      "version": "6.3.1"
    },
    "marge": {
      "options": {
        "reportDir": "cypress/reports",
        "overwrite": false,
        "html": false,
        "json": true
      },
      "version": "5.2.0"
    }
  }
}